2026-05-07 13:24:00,326 [INFO] ====== WebDriver manager ======
2026-05-07 13:24:02,213 [INFO] Get LATEST chromedriver version for google-chrome
2026-05-07 13:24:02,844 [INFO] Get LATEST chromedriver version for google-chrome
2026-05-07 13:24:03,322 [INFO] There is no [win64] chromedriver "147.0.7727.117" for browser google-chrome "147.0.7727" in cache
2026-05-07 13:24:03,323 [INFO] Get LATEST chromedriver version for google-chrome
2026-05-07 13:24:04,390 [INFO] WebDriver version 147.0.7727.117 selected
2026-05-07 13:24:04,399 [INFO] Modern chrome version https://storage.googleapis.com/chrome-for-testing-public/147.0.7727.117/win32/chromedriver-win32.zip
2026-05-07 13:24:04,401 [INFO] About to download new driver from https://storage.googleapis.com/chrome-for-testing-public/147.0.7727.117/win32/chromedriver-win32.zip
2026-05-07 13:24:04,967 [INFO] Driver downloading response is 200
2026-05-07 13:24:05,548 [INFO] Get LATEST chromedriver version for google-chrome
2026-05-07 13:24:06,139 [INFO] Driver has been saved in cache [C:\Users\LEGION\.wdm\drivers\chromedriver\win64\147.0.7727.117]
2026-05-07 13:24:08,705 [INFO] Navigating to: https://cenproject.rid.go.th/
2026-05-07 13:24:09,485 [INFO] Login successful.
2026-05-07 13:24:12,996 [INFO] Dashboard is ready.
2026-05-07 13:25:42,260 [INFO] Filling form for GFMIS: 07003540037003220226
2026-05-07 13:25:57,647 [ERROR] Error filling disbursement form: Message: 
Stacktrace:
	chromedriver!GetHandleVerifier [0xc7b373+10553]
	chromedriver!GetHandleVerifier [0xc7b4a4+10684]
	chromedriver!(No symbol) [0xa81e10]
	chromedriver!(No symbol) [0xaca9da]
	chromedriver!(No symbol) [0xacac7b]
	chromedriver!(No symbol) [0xb0d162]
	chromedriver!(No symbol) [0xaed8b4]
	chromedriver!(No symbol) [0xb0aa36]
	chromedriver!(No symbol) [0xaed606]
	chromedriver!(No symbol) [0xac0039]
	chromedriver!(No symbol) [0xac0df4]
	chromedriver!GetHandleVerifier [0xefddb4+292f94]
	chromedriver!GetHandleVerifier [0xef937d+28e55d]
	chromedriver!GetHandleVerifier [0xf18215+2ad3f5]
	chromedriver!GetHandleVerifier [0xc94c18+29df8]
	chromedriver!GetHandleVerifier [0xc9c6fd+318dd]
	chromedriver!GetHandleVerifier [0xc83c78+18e58]
	chromedriver!GetHandleVerifier [0xc83e42+19022]
	chromedriver!GetHandleVerifier [0xc6d45f+263f]
	KERNEL32!BaseThreadInitThunk [0x76625d49+19]
	ntdll!RtlInitializeExceptionChain [0x778cd83b+6b]
	ntdll!RtlGetAppContainerNamedObjectPath [0x778cd7c1+231]

2026-05-07 14:18:26,456 [INFO] ====== WebDriver manager ======
2026-05-07 14:18:28,285 [INFO] Get LATEST chromedriver version for google-chrome
2026-05-07 14:18:29,434 [INFO] Get LATEST chromedriver version for google-chrome
2026-05-07 14:18:30,497 [INFO] Driver [C:\Users\LEGION\.wdm\drivers\chromedriver\win64\147.0.7727.117\chromedriver-win32/chromedriver.exe] found in cache
2026-05-07 14:18:32,072 [INFO] Navigating to: https://cenproject.rid.go.th/
2026-05-07 14:18:32,915 [INFO] Login successful.
2026-05-07 14:18:36,318 [INFO] Dashboard is ready.
2026-05-07 15:34:26,182 [INFO] ====== WebDriver manager ======
2026-05-07 15:34:28,551 [INFO] Get LATEST chromedriver version for google-chrome
2026-05-07 15:34:30,704 [INFO] Get LATEST chromedriver version for google-chrome
2026-05-07 15:34:31,758 [INFO] Driver [C:\Users\LEGION\.wdm\drivers\chromedriver\win64\147.0.7727.117\chromedriver-win32/chromedriver.exe] found in cache
2026-05-07 15:34:34,213 [INFO] Navigating to: https://cenproject.rid.go.th/
2026-05-07 15:34:35,071 [INFO] Login successful.
2026-05-07 15:34:38,438 [INFO] Dashboard is ready.
2026-05-07 15:35:17,209 [INFO] Filling form for GFMIS: 07003570001003220001
2026-05-07 15:35:32,608 [ERROR] Error filling disbursement form: Message: 
Stacktrace:
	chromedriver!GetHandleVerifier [0xc7b373+10553]
	chromedriver!GetHandleVerifier [0xc7b4a4+10684]
	chromedriver!(No symbol) [0xa81e10]
	chromedriver!(No symbol) [0xaca9da]
	chromedriver!(No symbol) [0xacac7b]
	chromedriver!(No symbol) [0xb0d162]
	chromedriver!(No symbol) [0xaed8b4]
	chromedriver!(No symbol) [0xb0aa36]
	chromedriver!(No symbol) [0xaed606]
	chromedriver!(No symbol) [0xac0039]
	chromedriver!(No symbol) [0xac0df4]
	chromedriver!GetHandleVerifier [0xefddb4+292f94]
	chromedriver!GetHandleVerifier [0xef937d+28e55d]
	chromedriver!GetHandleVerifier [0xf18215+2ad3f5]
	chromedriver!GetHandleVerifier [0xc94c18+29df8]
	chromedriver!GetHandleVerifier [0xc9c6fd+318dd]
	chromedriver!GetHandleVerifier [0xc83c78+18e58]
	chromedriver!GetHandleVerifier [0xc83e42+19022]
	chromedriver!GetHandleVerifier [0xc6d45f+263f]
	KERNEL32!BaseThreadInitThunk [0x76625d49+19]
	ntdll!RtlInitializeExceptionChain [0x778cd83b+6b]
	ntdll!RtlGetAppContainerNamedObjectPath [0x778cd7c1+231]

2026-05-07 15:35:43,314 [INFO] Filling form for GFMIS: 07003570001003210043
2026-05-07 15:35:58,788 [ERROR] Error filling disbursement form: Message: 
Stacktrace:
	chromedriver!GetHandleVerifier [0xc7b373+10553]
	chromedriver!GetHandleVerifier [0xc7b4a4+10684]
	chromedriver!(No symbol) [0xa81e10]
	chromedriver!(No symbol) [0xaca9da]
	chromedriver!(No symbol) [0xacac7b]
	chromedriver!(No symbol) [0xb0d162]
	chromedriver!(No symbol) [0xaed8b4]
	chromedriver!(No symbol) [0xb0aa36]
	chromedriver!(No symbol) [0xaed606]
	chromedriver!(No symbol) [0xac0039]
	chromedriver!(No symbol) [0xac0df4]
	chromedriver!GetHandleVerifier [0xefddb4+292f94]
	chromedriver!GetHandleVerifier [0xef937d+28e55d]
	chromedriver!GetHandleVerifier [0xf18215+2ad3f5]
	chromedriver!GetHandleVerifier [0xc94c18+29df8]
	chromedriver!GetHandleVerifier [0xc9c6fd+318dd]
	chromedriver!GetHandleVerifier [0xc83c78+18e58]
	chromedriver!GetHandleVerifier [0xc83e42+19022]
	chromedriver!GetHandleVerifier [0xc6d45f+263f]
	KERNEL32!BaseThreadInitThunk [0x76625d49+19]
	ntdll!RtlInitializeExceptionChain [0x778cd83b+6b]
	ntdll!RtlGetAppContainerNamedObjectPath [0x778cd7c1+231]

2026-05-07 15:36:01,026 [INFO] Filling form for GFMIS: 07003570001003210038
2026-05-07 15:38:45,789 [INFO] ====== WebDriver manager ======
2026-05-07 15:38:47,473 [INFO] Get LATEST chromedriver version for google-chrome
2026-05-07 15:38:48,560 [INFO] Get LATEST chromedriver version for google-chrome
2026-05-07 15:38:49,675 [INFO] Driver [C:\Users\LEGION\.wdm\drivers\chromedriver\win64\147.0.7727.117\chromedriver-win32/chromedriver.exe] found in cache
2026-05-07 15:38:51,053 [INFO] Navigating to: https://cenproject.rid.go.th/
2026-05-07 15:38:51,919 [INFO] Login successful.
2026-05-07 15:38:55,355 [INFO] Dashboard is ready.
2026-05-07 15:45:48,329 [INFO] ====== WebDriver manager ======
2026-05-07 15:45:50,038 [INFO] Get LATEST chromedriver version for google-chrome
2026-05-07 15:45:51,150 [INFO] Get LATEST chromedriver version for google-chrome
2026-05-07 15:45:52,199 [INFO] Driver [C:\Users\LEGION\.wdm\drivers\chromedriver\win64\147.0.7727.117\chromedriver-win32/chromedriver.exe] found in cache
2026-05-07 15:45:53,744 [INFO] Navigating to: https://cenproject.rid.go.th/
2026-05-07 15:45:54,647 [INFO] Login successful.
2026-05-07 15:45:58,110 [INFO] Dashboard is ready.
2026-05-07 16:07:00,231 [INFO] --- Starting Disbursement System (Year: 2026) ---
2026-05-07 16:07:00,232 [INFO] ====== WebDriver manager ======
2026-05-07 16:07:01,811 [INFO] Get LATEST chromedriver version for google-chrome
2026-05-07 16:07:02,393 [INFO] Get LATEST chromedriver version for google-chrome
2026-05-07 16:07:02,884 [INFO] Driver [C:\Users\LEGION\.wdm\drivers\chromedriver\win64\147.0.7727.117\chromedriver-win32/chromedriver.exe] found in cache
2026-05-07 16:07:04,521 [INFO] Navigating to: https://cenproject.rid.go.th/
2026-05-07 16:07:05,310 [INFO] Login successful.
2026-05-07 16:07:08,658 [INFO] Dashboard is ready.
2026-05-07 16:07:08,658 [INFO] System is ready for batch processing. Please configure your Excel loop in main.py
2026-05-07 16:07:08,658 [INFO] Shutting down driver.
2026-05-07 16:09:12,918 [INFO] ====== WebDriver manager ======
2026-05-07 16:09:14,512 [INFO] Get LATEST chromedriver version for google-chrome
2026-05-07 16:09:14,968 [INFO] Get LATEST chromedriver version for google-chrome
2026-05-07 16:09:15,433 [INFO] Driver [C:\Users\LEGION\.wdm\drivers\chromedriver\win64\147.0.7727.117\chromedriver-win32/chromedriver.exe] found in cache
2026-05-07 16:09:16,820 [INFO] Navigating to: https://cenproject.rid.go.th/
2026-05-07 16:09:17,635 [INFO] Login successful.
2026-05-07 16:09:20,983 [INFO] Dashboard is ready.
2026-05-07 16:17:11,381 [INFO] ====== WebDriver manager ======
2026-05-07 16:17:12,994 [INFO] Get LATEST chromedriver version for google-chrome
2026-05-07 16:17:13,581 [INFO] Get LATEST chromedriver version for google-chrome
2026-05-07 16:17:14,073 [INFO] Driver [C:\Users\LEGION\.wdm\drivers\chromedriver\win64\147.0.7727.117\chromedriver-win32/chromedriver.exe] found in cache
2026-05-07 16:17:15,486 [INFO] Navigating to: https://cenproject.rid.go.th/
2026-05-07 16:17:16,284 [INFO] Login successful.
2026-05-07 16:17:19,698 [INFO] Dashboard is ready.
2026-05-07 16:17:44,562 [INFO] Navigating to Target URL: https://cenproject.rid.go.th/track/project?BudgetYear=2026&BudgetSourceID=1&IsMergeDraft=1
2026-05-07 16:17:45,298 [INFO] Navigate to Target URL successfully.
2026-05-07 16:18:03,736 [INFO] ====== WebDriver manager ======
2026-05-07 16:18:05,349 [INFO] Get LATEST chromedriver version for google-chrome
2026-05-07 16:18:05,816 [INFO] Get LATEST chromedriver version for google-chrome
2026-05-07 16:18:06,310 [INFO] Driver [C:\Users\LEGION\.wdm\drivers\chromedriver\win64\147.0.7727.117\chromedriver-win32/chromedriver.exe] found in cache
2026-05-07 16:18:07,654 [INFO] Navigating to: https://cenproject.rid.go.th/
2026-05-07 16:18:08,511 [INFO] Login successful.
2026-05-07 16:18:11,951 [INFO] Dashboard is ready.
2026-05-07 16:18:13,686 [INFO] Navigating to Target URL: https://cenproject.rid.go.th/track/project?BudgetYear=2026&BudgetSourceID=1&IsMergeDraft=1
2026-05-07 16:18:14,313 [INFO] Navigate to Target URL successfully.
2026-05-07 16:19:48,811 [INFO] Navigating to Target URL: https://cenproject.rid.go.th/track/project?BudgetYear=2026&BudgetSourceID=1&IsMergeDraft=1
2026-05-07 16:19:49,691 [INFO] Navigate to Target URL successfully.
2026-05-07 16:20:03,359 [INFO] ====== WebDriver manager ======
2026-05-07 16:20:04,936 [INFO] Get LATEST chromedriver version for google-chrome
2026-05-07 16:20:05,416 [INFO] Get LATEST chromedriver version for google-chrome
2026-05-07 16:20:05,892 [INFO] Driver [C:\Users\LEGION\.wdm\drivers\chromedriver\win64\147.0.7727.117\chromedriver-win32/chromedriver.exe] found in cache
2026-05-07 16:20:07,365 [INFO] Navigating to: https://cenproject.rid.go.th/
2026-05-07 16:20:08,195 [INFO] Login successful.
2026-05-07 16:20:11,569 [INFO] Dashboard is ready.
2026-05-07 16:20:22,797 [INFO] Navigating to Target URL: https://cenproject.rid.go.th/track/project?BudgetYear=2026&BudgetSourceID=1&IsMergeDraft=1
2026-05-07 16:20:23,506 [INFO] Navigate to Target URL successfully.
2026-05-07 16:21:29,755 [INFO] ====== WebDriver manager ======
2026-05-07 16:21:31,331 [INFO] Get LATEST chromedriver version for google-chrome
2026-05-07 16:21:31,806 [INFO] Get LATEST chromedriver version for google-chrome
2026-05-07 16:21:32,266 [INFO] Driver [C:\Users\LEGION\.wdm\drivers\chromedriver\win64\147.0.7727.117\chromedriver-win32/chromedriver.exe] found in cache
2026-05-07 16:21:33,652 [INFO] Navigating to: https://cenproject.rid.go.th/
2026-05-07 16:21:34,426 [INFO] Login successful.
2026-05-07 16:21:37,789 [INFO] Dashboard is ready.
2026-05-07 16:21:40,300 [INFO] Navigating to Target URL: https://cenproject.rid.go.th/track/budget?BudgetYear=2026&BudgetSourceID=1
2026-05-07 16:21:41,247 [INFO] Navigate to Target URL successfully.
2026-05-07 16:21:48,254 [INFO] ====== WebDriver manager ======
2026-05-07 16:21:49,979 [INFO] Get LATEST chromedriver version for google-chrome
2026-05-07 16:21:50,484 [INFO] Get LATEST chromedriver version for google-chrome
2026-05-07 16:21:50,991 [INFO] Driver [C:\Users\LEGION\.wdm\drivers\chromedriver\win64\147.0.7727.117\chromedriver-win32/chromedriver.exe] found in cache
2026-05-07 16:21:52,471 [INFO] Navigating to: https://cenproject.rid.go.th/
2026-05-07 16:21:53,346 [INFO] Login successful.
2026-05-07 16:21:56,739 [INFO] Dashboard is ready.
2026-05-07 16:22:00,859 [INFO] Navigating to Target URL: https://cenproject.rid.go.th/track/budget?BudgetYear=2026&BudgetSourceID=1
2026-05-07 16:22:01,343 [INFO] Navigate to Target URL successfully.
2026-07-01 15:11:43,542 [INFO] --- Starting Disbursement System (Year: 2026) ---
2026-07-01 15:11:43,543 [INFO] ====== WebDriver manager ======
2026-07-01 15:11:46,017 [INFO] Get LATEST chromedriver version for google-chrome
2026-07-01 15:11:46,693 [INFO] Get LATEST chromedriver version for google-chrome
2026-07-01 15:11:47,297 [INFO] Driver [C:\Users\LEGION\.wdm\drivers\chromedriver\win64\149.0.7827.155\chromedriver-win32/chromedriver.exe] found in cache
2026-07-01 15:11:49,286 [INFO] Navigating to: https://cenproject.rid.go.th/
2026-07-01 15:11:50,314 [INFO] Login successful.
2026-07-01 15:11:54,130 [INFO] Dashboard is ready.
2026-07-01 15:11:54,130 [INFO] System is ready for batch processing. Please configure your Excel loop in main.py
2026-07-01 15:11:54,130 [INFO] Shutting down driver.
